<?xml version="1.0" encoding="UTF-8"?>
<testsuite name="api.CbrTest" tests="1" skipped="0" failures="0" errors="0" timestamp="2022-04-17T23:04:54" hostname="kreios-Aspire-E1-570G" time="21.124">
  <properties/>
  <testcase name="checkUsdValueTest()" classname="api.CbrTest" time="21.124"/>
  <system-out><![CDATA[Тест пройден
]]></system-out>
  <system-err><![CDATA[SLF4J: Failed to load class "org.slf4j.impl.StaticLoggerBinder".
SLF4J: Defaulting to no-operation (NOP) logger implementation
SLF4J: See http://www.slf4j.org/codes.html#StaticLoggerBinder for further details.
]]></system-err>
</testsuite>
