<?xml version="1.0" encoding="UTF-8"?>
<testsuite name="api.CbrTest" tests="1" skipped="0" failures="0" errors="0" timestamp="2022-06-06T09:16:57" hostname="LAPTOP-8IGM5LUB" time="4.263">
  <properties/>
  <testcase name="Проверка курса доллара" classname="api.CbrTest" time="4.263"/>
  <system-out><![CDATA[Тест пройден
]]></system-out>
  <system-err><![CDATA[log4j:WARN No appenders could be found for logger (freemarker.cache).
log4j:WARN Please initialize the log4j system properly.
log4j:WARN See http://logging.apache.org/log4j/1.2/faq.html#noconfig for more info.
]]></system-err>
</testsuite>
